/home/abhay-ramasamy/AUVT1/Task2_ws/src/signal_pipeline/install/signal_pipeline/lib/python3.12/site-packages/signal_pipeline/publisher_node.py
/home/abhay-ramasamy/AUVT1/Task2_ws/src/signal_pipeline/install/signal_pipeline/lib/python3.12/site-packages/signal_pipeline/__init__.py
/home/abhay-ramasamy/AUVT1/Task2_ws/src/signal_pipeline/install/signal_pipeline/lib/python3.12/site-packages/signal_pipeline/output_node.py
/home/abhay-ramasamy/AUVT1/Task2_ws/src/signal_pipeline/install/signal_pipeline/lib/python3.12/site-packages/signal_pipeline/processor_node.py
/home/abhay-ramasamy/AUVT1/Task2_ws/src/signal_pipeline/install/signal_pipeline/lib/python3.12/site-packages/signal_pipeline/__pycache__/publisher_node.cpython-312.pyc
/home/abhay-ramasamy/AUVT1/Task2_ws/src/signal_pipeline/install/signal_pipeline/lib/python3.12/site-packages/signal_pipeline/__pycache__/__init__.cpython-312.pyc
/home/abhay-ramasamy/AUVT1/Task2_ws/src/signal_pipeline/install/signal_pipeline/lib/python3.12/site-packages/signal_pipeline/__pycache__/output_node.cpython-312.pyc
/home/abhay-ramasamy/AUVT1/Task2_ws/src/signal_pipeline/install/signal_pipeline/lib/python3.12/site-packages/signal_pipeline/__pycache__/processor_node.cpython-312.pyc
/home/abhay-ramasamy/AUVT1/Task2_ws/src/signal_pipeline/install/signal_pipeline/share/ament_index/resource_index/packages/signal_pipeline
/home/abhay-ramasamy/AUVT1/Task2_ws/src/signal_pipeline/install/signal_pipeline/share/signal_pipeline/package.xml
/home/abhay-ramasamy/AUVT1/Task2_ws/src/signal_pipeline/install/signal_pipeline/lib/python3.12/site-packages/signal_pipeline-0.0.0-py3.12.egg-info/PKG-INFO
/home/abhay-ramasamy/AUVT1/Task2_ws/src/signal_pipeline/install/signal_pipeline/lib/python3.12/site-packages/signal_pipeline-0.0.0-py3.12.egg-info/top_level.txt
/home/abhay-ramasamy/AUVT1/Task2_ws/src/signal_pipeline/install/signal_pipeline/lib/python3.12/site-packages/signal_pipeline-0.0.0-py3.12.egg-info/requires.txt
/home/abhay-ramasamy/AUVT1/Task2_ws/src/signal_pipeline/install/signal_pipeline/lib/python3.12/site-packages/signal_pipeline-0.0.0-py3.12.egg-info/dependency_links.txt
/home/abhay-ramasamy/AUVT1/Task2_ws/src/signal_pipeline/install/signal_pipeline/lib/python3.12/site-packages/signal_pipeline-0.0.0-py3.12.egg-info/SOURCES.txt
/home/abhay-ramasamy/AUVT1/Task2_ws/src/signal_pipeline/install/signal_pipeline/lib/python3.12/site-packages/signal_pipeline-0.0.0-py3.12.egg-info/zip-safe
/home/abhay-ramasamy/AUVT1/Task2_ws/src/signal_pipeline/install/signal_pipeline/lib/python3.12/site-packages/signal_pipeline-0.0.0-py3.12.egg-info/entry_points.txt
/home/abhay-ramasamy/AUVT1/Task2_ws/src/signal_pipeline/install/signal_pipeline/lib/signal_pipeline/output_node
/home/abhay-ramasamy/AUVT1/Task2_ws/src/signal_pipeline/install/signal_pipeline/lib/signal_pipeline/processor_node
/home/abhay-ramasamy/AUVT1/Task2_ws/src/signal_pipeline/install/signal_pipeline/lib/signal_pipeline/publisher_node
