[0.075s] DEBUG:colcon:Command line arguments: ['/usr/bin/colcon', 'build']
[0.075s] DEBUG:colcon:Parsed command line arguments: Namespace(log_base=None, log_level=None, verb_name='build', build_base='build', install_base='install', merge_install=False, symlink_install=False, test_result_base=None, continue_on_error=False, executor='parallel', parallel_workers=4, event_handlers=None, ignore_user_meta=False, metas=['./colcon.meta'], base_paths=['.'], packages_ignore=None, packages_ignore_regex=None, paths=None, packages_up_to=None, packages_up_to_regex=None, packages_above=None, packages_above_and_dependencies=None, packages_above_depth=None, packages_select_by_dep=None, packages_skip_by_dep=None, packages_skip_up_to=None, packages_select_build_failed=False, packages_skip_build_finished=False, packages_select_test_failures=False, packages_skip_test_passed=False, packages_select=None, packages_skip=None, packages_select_regex=None, packages_skip_regex=None, packages_start=None, packages_end=None, allow_overriding=[], cmake_args=None, cmake_target=None, cmake_target_skip_unavailable=False, cmake_clean_cache=False, cmake_clean_first=False, cmake_force_configure=False, ament_cmake_args=None, catkin_cmake_args=None, catkin_skip_building_tests=False, mixin_files=None, mixin=None, verb_parser=<colcon_mixin.mixin.mixin_argument.MixinArgumentDecorator object at 0x7db19e08ce90>, verb_extension=<colcon_core.verb.build.BuildVerb object at 0x7db19e08cbf0>, main=<bound method BuildVerb.main of <colcon_core.verb.build.BuildVerb object at 0x7db19e08cbf0>>, mixin_verb=('build',))
[0.104s] Level 1:colcon.colcon_core.package_discovery:discover_packages(colcon_meta) check parameters
[0.104s] Level 1:colcon.colcon_core.package_discovery:discover_packages(recursive) check parameters
[0.104s] Level 1:colcon.colcon_core.package_discovery:discover_packages(ignore) check parameters
[0.104s] Level 1:colcon.colcon_core.package_discovery:discover_packages(path) check parameters
[0.104s] Level 1:colcon.colcon_core.package_discovery:discover_packages(colcon_meta) discover
[0.104s] Level 1:colcon.colcon_core.package_discovery:discover_packages(recursive) discover
[0.104s] INFO:colcon.colcon_core.package_discovery:Crawling recursively for packages in '/home/abhay-ramasamy/AUVT1/Task2_ws/src/signal_pipeline'
[0.104s] Level 1:colcon.colcon_core.package_identification:_identify(.) by extensions ['ignore', 'ignore_ament_install']
[0.104s] Level 1:colcon.colcon_core.package_identification:_identify(.) by extension 'ignore'
[0.105s] Level 1:colcon.colcon_core.package_identification:_identify(.) by extension 'ignore_ament_install'
[0.105s] Level 1:colcon.colcon_core.package_identification:_identify(.) by extensions ['colcon_pkg']
[0.105s] Level 1:colcon.colcon_core.package_identification:_identify(.) by extension 'colcon_pkg'
[0.105s] Level 1:colcon.colcon_core.package_identification:_identify(.) by extensions ['colcon_meta']
[0.105s] Level 1:colcon.colcon_core.package_identification:_identify(.) by extension 'colcon_meta'
[0.105s] Level 1:colcon.colcon_core.package_identification:_identify(.) by extensions ['ros']
[0.105s] Level 1:colcon.colcon_core.package_identification:_identify(.) by extension 'ros'
[0.123s] DEBUG:colcon.colcon_core.package_identification:Package '.' with type 'ros.ament_python' and name 'signal_pipeline'
[0.123s] Level 1:colcon.colcon_core.package_discovery:discover_packages(recursive) using defaults
[0.124s] Level 1:colcon.colcon_core.package_discovery:discover_packages(ignore) discover
[0.124s] Level 1:colcon.colcon_core.package_discovery:discover_packages(ignore) using defaults
[0.124s] Level 1:colcon.colcon_core.package_discovery:discover_packages(path) discover
[0.124s] Level 1:colcon.colcon_core.package_discovery:discover_packages(path) using defaults
[0.137s] Level 1:colcon.colcon_core.package_discovery:discover_packages(prefix_path) check parameters
[0.137s] Level 1:colcon.colcon_core.package_discovery:discover_packages(prefix_path) discover
[0.138s] DEBUG:colcon.colcon_installed_package_information.package_discovery:Found 1 installed packages in /home/abhay-ramasamy/robotics_ws/install
[0.140s] DEBUG:colcon.colcon_installed_package_information.package_discovery:Found 405 installed packages in /opt/ros/jazzy
[0.141s] Level 1:colcon.colcon_core.package_discovery:discover_packages(prefix_path) using defaults
[0.176s] Level 5:colcon.colcon_core.verb:set package 'signal_pipeline' build argument 'cmake_args' from command line to 'None'
[0.176s] Level 5:colcon.colcon_core.verb:set package 'signal_pipeline' build argument 'cmake_target' from command line to 'None'
[0.176s] Level 5:colcon.colcon_core.verb:set package 'signal_pipeline' build argument 'cmake_target_skip_unavailable' from command line to 'False'
[0.176s] Level 5:colcon.colcon_core.verb:set package 'signal_pipeline' build argument 'cmake_clean_cache' from command line to 'False'
[0.176s] Level 5:colcon.colcon_core.verb:set package 'signal_pipeline' build argument 'cmake_clean_first' from command line to 'False'
[0.176s] Level 5:colcon.colcon_core.verb:set package 'signal_pipeline' build argument 'cmake_force_configure' from command line to 'False'
[0.176s] Level 5:colcon.colcon_core.verb:set package 'signal_pipeline' build argument 'ament_cmake_args' from command line to 'None'
[0.176s] Level 5:colcon.colcon_core.verb:set package 'signal_pipeline' build argument 'catkin_cmake_args' from command line to 'None'
[0.176s] Level 5:colcon.colcon_core.verb:set package 'signal_pipeline' build argument 'catkin_skip_building_tests' from command line to 'False'
[0.176s] DEBUG:colcon.colcon_core.verb:Building package 'signal_pipeline' with the following arguments: {'ament_cmake_args': None, 'build_base': '/home/abhay-ramasamy/AUVT1/Task2_ws/src/signal_pipeline/build/signal_pipeline', 'catkin_cmake_args': None, 'catkin_skip_building_tests': False, 'cmake_args': None, 'cmake_clean_cache': False, 'cmake_clean_first': False, 'cmake_force_configure': False, 'cmake_target': None, 'cmake_target_skip_unavailable': False, 'install_base': '/home/abhay-ramasamy/AUVT1/Task2_ws/src/signal_pipeline/install/signal_pipeline', 'merge_install': False, 'path': '/home/abhay-ramasamy/AUVT1/Task2_ws/src/signal_pipeline', 'symlink_install': False, 'test_result_base': None}
[0.176s] INFO:colcon.colcon_core.executor:Executing jobs using 'parallel' executor
[0.177s] DEBUG:colcon.colcon_parallel_executor.executor.parallel:run_until_complete
[0.178s] INFO:colcon.colcon_ros.task.ament_python.build:Building ROS package in '/home/abhay-ramasamy/AUVT1/Task2_ws/src/signal_pipeline' with build type 'ament_python'
[0.178s] Level 1:colcon.colcon_core.shell:create_environment_hook('signal_pipeline', 'ament_prefix_path')
[0.180s] INFO:colcon.colcon_core.plugin_system:Skipping extension 'colcon_core.shell.bat': Not used on non-Windows systems
[0.180s] INFO:colcon.colcon_core.shell:Creating environment hook '/home/abhay-ramasamy/AUVT1/Task2_ws/src/signal_pipeline/install/signal_pipeline/share/signal_pipeline/hook/ament_prefix_path.ps1'
[0.180s] INFO:colcon.colcon_core.shell:Creating environment descriptor '/home/abhay-ramasamy/AUVT1/Task2_ws/src/signal_pipeline/install/signal_pipeline/share/signal_pipeline/hook/ament_prefix_path.dsv'
[0.181s] INFO:colcon.colcon_core.shell:Creating environment hook '/home/abhay-ramasamy/AUVT1/Task2_ws/src/signal_pipeline/install/signal_pipeline/share/signal_pipeline/hook/ament_prefix_path.sh'
[0.182s] INFO:colcon.colcon_core.shell:Skip shell extension 'powershell' for command environment: Not usable outside of PowerShell
[0.182s] DEBUG:colcon.colcon_core.shell:Skip shell extension 'dsv' for command environment
[0.357s] INFO:colcon.colcon_core.task.python.build:Building Python package in '/home/abhay-ramasamy/AUVT1/Task2_ws/src/signal_pipeline'
[0.358s] INFO:colcon.colcon_core.shell:Skip shell extension 'powershell' for command environment: Not usable outside of PowerShell
[0.358s] DEBUG:colcon.colcon_core.shell:Skip shell extension 'dsv' for command environment
[0.835s] DEBUG:colcon.colcon_core.event_handler.log_command:Invoking command in '/home/abhay-ramasamy/AUVT1/Task2_ws/src/signal_pipeline': DEBUGINFOD_URLS=https://debuginfod.ubuntu.com PYTHONPATH=/home/abhay-ramasamy/AUVT1/Task2_ws/src/signal_pipeline/build/signal_pipeline/prefix_override:/usr/lib/python3/dist-packages/colcon_core/task/python/colcon_distutils_commands:/home/abhay-ramasamy/AUVT1/Task2_ws/src/signal_pipeline/install/signal_pipeline/lib/python3.12/site-packages:${PYTHONPATH} /usr/bin/python3 -W ignore:setup.py install is deprecated -W ignore:easy_install command is deprecated setup.py egg_info --egg-base build/signal_pipeline build --build-base /home/abhay-ramasamy/AUVT1/Task2_ws/src/signal_pipeline/build/signal_pipeline/build install --record /home/abhay-ramasamy/AUVT1/Task2_ws/src/signal_pipeline/build/signal_pipeline/install.log --single-version-externally-managed install_data
[1.261s] DEBUG:colcon.colcon_core.event_handler.log_command:Invoked command in '/home/abhay-ramasamy/AUVT1/Task2_ws/src/signal_pipeline' returned '0': DEBUGINFOD_URLS=https://debuginfod.ubuntu.com PYTHONPATH=/home/abhay-ramasamy/AUVT1/Task2_ws/src/signal_pipeline/build/signal_pipeline/prefix_override:/usr/lib/python3/dist-packages/colcon_core/task/python/colcon_distutils_commands:/home/abhay-ramasamy/AUVT1/Task2_ws/src/signal_pipeline/install/signal_pipeline/lib/python3.12/site-packages:${PYTHONPATH} /usr/bin/python3 -W ignore:setup.py install is deprecated -W ignore:easy_install command is deprecated setup.py egg_info --egg-base build/signal_pipeline build --build-base /home/abhay-ramasamy/AUVT1/Task2_ws/src/signal_pipeline/build/signal_pipeline/build install --record /home/abhay-ramasamy/AUVT1/Task2_ws/src/signal_pipeline/build/signal_pipeline/install.log --single-version-externally-managed install_data
[1.262s] Level 1:colcon.colcon_core.environment:checking '/home/abhay-ramasamy/AUVT1/Task2_ws/src/signal_pipeline/install/signal_pipeline' for CMake module files
[1.262s] Level 1:colcon.colcon_core.environment:checking '/home/abhay-ramasamy/AUVT1/Task2_ws/src/signal_pipeline/install/signal_pipeline' for CMake config files
[1.263s] Level 1:colcon.colcon_core.environment:checking '/home/abhay-ramasamy/AUVT1/Task2_ws/src/signal_pipeline/install/signal_pipeline/lib'
[1.263s] Level 1:colcon.colcon_core.environment:checking '/home/abhay-ramasamy/AUVT1/Task2_ws/src/signal_pipeline/install/signal_pipeline/bin'
[1.263s] Level 1:colcon.colcon_core.environment:checking '/home/abhay-ramasamy/AUVT1/Task2_ws/src/signal_pipeline/install/signal_pipeline/lib/pkgconfig/signal_pipeline.pc'
[1.263s] Level 1:colcon.colcon_core.environment:checking '/home/abhay-ramasamy/AUVT1/Task2_ws/src/signal_pipeline/install/signal_pipeline/lib/python3.12/site-packages'
[1.263s] Level 1:colcon.colcon_core.shell:create_environment_hook('signal_pipeline', 'pythonpath')
[1.263s] INFO:colcon.colcon_core.shell:Creating environment hook '/home/abhay-ramasamy/AUVT1/Task2_ws/src/signal_pipeline/install/signal_pipeline/share/signal_pipeline/hook/pythonpath.ps1'
[1.264s] INFO:colcon.colcon_core.shell:Creating environment descriptor '/home/abhay-ramasamy/AUVT1/Task2_ws/src/signal_pipeline/install/signal_pipeline/share/signal_pipeline/hook/pythonpath.dsv'
[1.264s] INFO:colcon.colcon_core.shell:Creating environment hook '/home/abhay-ramasamy/AUVT1/Task2_ws/src/signal_pipeline/install/signal_pipeline/share/signal_pipeline/hook/pythonpath.sh'
[1.265s] Level 1:colcon.colcon_core.environment:checking '/home/abhay-ramasamy/AUVT1/Task2_ws/src/signal_pipeline/install/signal_pipeline/bin'
[1.265s] Level 1:colcon.colcon_core.environment:create_environment_scripts_only(signal_pipeline)
[1.265s] INFO:colcon.colcon_core.shell:Creating package script '/home/abhay-ramasamy/AUVT1/Task2_ws/src/signal_pipeline/install/signal_pipeline/share/signal_pipeline/package.ps1'
[1.266s] INFO:colcon.colcon_core.shell:Creating package descriptor '/home/abhay-ramasamy/AUVT1/Task2_ws/src/signal_pipeline/install/signal_pipeline/share/signal_pipeline/package.dsv'
[1.266s] INFO:colcon.colcon_core.shell:Creating package script '/home/abhay-ramasamy/AUVT1/Task2_ws/src/signal_pipeline/install/signal_pipeline/share/signal_pipeline/package.sh'
[1.267s] INFO:colcon.colcon_core.shell:Creating package script '/home/abhay-ramasamy/AUVT1/Task2_ws/src/signal_pipeline/install/signal_pipeline/share/signal_pipeline/package.bash'
[1.268s] INFO:colcon.colcon_core.shell:Creating package script '/home/abhay-ramasamy/AUVT1/Task2_ws/src/signal_pipeline/install/signal_pipeline/share/signal_pipeline/package.zsh'
[1.268s] Level 1:colcon.colcon_core.environment:create_file_with_runtime_dependencies(/home/abhay-ramasamy/AUVT1/Task2_ws/src/signal_pipeline/install/signal_pipeline/share/colcon-core/packages/signal_pipeline)
[1.269s] DEBUG:colcon.colcon_parallel_executor.executor.parallel:closing loop
[1.270s] DEBUG:colcon.colcon_parallel_executor.executor.parallel:loop closed
[1.270s] DEBUG:colcon.colcon_parallel_executor.executor.parallel:run_until_complete finished with '0'
[1.270s] DEBUG:colcon.colcon_core.event_reactor:joining thread
[1.276s] INFO:colcon.colcon_core.plugin_system:Skipping extension 'colcon_notification.desktop_notification.terminal_notifier': Not used on non-Darwin systems
[1.276s] INFO:colcon.colcon_core.plugin_system:Skipping extension 'colcon_notification.desktop_notification.win32': Not used on non-Windows systems
[1.276s] INFO:colcon.colcon_notification.desktop_notification:Sending desktop notification using 'notify2'
[1.290s] DEBUG:colcon.colcon_core.event_reactor:joined thread
[1.290s] INFO:colcon.colcon_core.shell:Creating prefix script '/home/abhay-ramasamy/AUVT1/Task2_ws/src/signal_pipeline/install/local_setup.ps1'
[1.291s] INFO:colcon.colcon_core.shell:Creating prefix util module '/home/abhay-ramasamy/AUVT1/Task2_ws/src/signal_pipeline/install/_local_setup_util_ps1.py'
[1.292s] INFO:colcon.colcon_core.shell:Creating prefix chain script '/home/abhay-ramasamy/AUVT1/Task2_ws/src/signal_pipeline/install/setup.ps1'
[1.293s] INFO:colcon.colcon_core.shell:Creating prefix script '/home/abhay-ramasamy/AUVT1/Task2_ws/src/signal_pipeline/install/local_setup.sh'
[1.293s] INFO:colcon.colcon_core.shell:Creating prefix util module '/home/abhay-ramasamy/AUVT1/Task2_ws/src/signal_pipeline/install/_local_setup_util_sh.py'
[1.294s] INFO:colcon.colcon_core.shell:Creating prefix chain script '/home/abhay-ramasamy/AUVT1/Task2_ws/src/signal_pipeline/install/setup.sh'
[1.295s] INFO:colcon.colcon_core.shell:Creating prefix script '/home/abhay-ramasamy/AUVT1/Task2_ws/src/signal_pipeline/install/local_setup.bash'
[1.295s] INFO:colcon.colcon_core.shell:Creating prefix chain script '/home/abhay-ramasamy/AUVT1/Task2_ws/src/signal_pipeline/install/setup.bash'
[1.296s] INFO:colcon.colcon_core.shell:Creating prefix script '/home/abhay-ramasamy/AUVT1/Task2_ws/src/signal_pipeline/install/local_setup.zsh'
[1.297s] INFO:colcon.colcon_core.shell:Creating prefix chain script '/home/abhay-ramasamy/AUVT1/Task2_ws/src/signal_pipeline/install/setup.zsh'
