running egg_info
creating ../../build/signal_pipeline/signal_pipeline.egg-info
writing ../../build/signal_pipeline/signal_pipeline.egg-info/PKG-INFO
writing dependency_links to ../../build/signal_pipeline/signal_pipeline.egg-info/dependency_links.txt
writing entry points to ../../build/signal_pipeline/signal_pipeline.egg-info/entry_points.txt
writing requirements to ../../build/signal_pipeline/signal_pipeline.egg-info/requires.txt
writing top-level names to ../../build/signal_pipeline/signal_pipeline.egg-info/top_level.txt
writing manifest file '../../build/signal_pipeline/signal_pipeline.egg-info/SOURCES.txt'
reading manifest file '../../build/signal_pipeline/signal_pipeline.egg-info/SOURCES.txt'
writing manifest file '../../build/signal_pipeline/signal_pipeline.egg-info/SOURCES.txt'
running build
running build_py
creating /home/abhay-ramasamy/AUVT1/Task2_ws/build/signal_pipeline/build
creating /home/abhay-ramasamy/AUVT1/Task2_ws/build/signal_pipeline/build/lib
creating /home/abhay-ramasamy/AUVT1/Task2_ws/build/signal_pipeline/build/lib/signal_pipeline
copying signal_pipeline/publisher_node.py -> /home/abhay-ramasamy/AUVT1/Task2_ws/build/signal_pipeline/build/lib/signal_pipeline
copying signal_pipeline/__init__.py -> /home/abhay-ramasamy/AUVT1/Task2_ws/build/signal_pipeline/build/lib/signal_pipeline
copying signal_pipeline/output_node.py -> /home/abhay-ramasamy/AUVT1/Task2_ws/build/signal_pipeline/build/lib/signal_pipeline
copying signal_pipeline/processor_node.py -> /home/abhay-ramasamy/AUVT1/Task2_ws/build/signal_pipeline/build/lib/signal_pipeline
running install
running install_lib
creating /home/abhay-ramasamy/AUVT1/Task2_ws/install/signal_pipeline/lib/python3.12/site-packages/signal_pipeline
copying /home/abhay-ramasamy/AUVT1/Task2_ws/build/signal_pipeline/build/lib/signal_pipeline/publisher_node.py -> /home/abhay-ramasamy/AUVT1/Task2_ws/install/signal_pipeline/lib/python3.12/site-packages/signal_pipeline
copying /home/abhay-ramasamy/AUVT1/Task2_ws/build/signal_pipeline/build/lib/signal_pipeline/__init__.py -> /home/abhay-ramasamy/AUVT1/Task2_ws/install/signal_pipeline/lib/python3.12/site-packages/signal_pipeline
copying /home/abhay-ramasamy/AUVT1/Task2_ws/build/signal_pipeline/build/lib/signal_pipeline/output_node.py -> /home/abhay-ramasamy/AUVT1/Task2_ws/install/signal_pipeline/lib/python3.12/site-packages/signal_pipeline
copying /home/abhay-ramasamy/AUVT1/Task2_ws/build/signal_pipeline/build/lib/signal_pipeline/processor_node.py -> /home/abhay-ramasamy/AUVT1/Task2_ws/install/signal_pipeline/lib/python3.12/site-packages/signal_pipeline
byte-compiling /home/abhay-ramasamy/AUVT1/Task2_ws/install/signal_pipeline/lib/python3.12/site-packages/signal_pipeline/publisher_node.py to publisher_node.cpython-312.pyc
byte-compiling /home/abhay-ramasamy/AUVT1/Task2_ws/install/signal_pipeline/lib/python3.12/site-packages/signal_pipeline/__init__.py to __init__.cpython-312.pyc
byte-compiling /home/abhay-ramasamy/AUVT1/Task2_ws/install/signal_pipeline/lib/python3.12/site-packages/signal_pipeline/output_node.py to output_node.cpython-312.pyc
byte-compiling /home/abhay-ramasamy/AUVT1/Task2_ws/install/signal_pipeline/lib/python3.12/site-packages/signal_pipeline/processor_node.py to processor_node.cpython-312.pyc
running install_data
creating /home/abhay-ramasamy/AUVT1/Task2_ws/install/signal_pipeline/share/ament_index
creating /home/abhay-ramasamy/AUVT1/Task2_ws/install/signal_pipeline/share/ament_index/resource_index
creating /home/abhay-ramasamy/AUVT1/Task2_ws/install/signal_pipeline/share/ament_index/resource_index/packages
copying resource/signal_pipeline -> /home/abhay-ramasamy/AUVT1/Task2_ws/install/signal_pipeline/share/ament_index/resource_index/packages
copying package.xml -> /home/abhay-ramasamy/AUVT1/Task2_ws/install/signal_pipeline/share/signal_pipeline
running install_egg_info
Copying ../../build/signal_pipeline/signal_pipeline.egg-info to /home/abhay-ramasamy/AUVT1/Task2_ws/install/signal_pipeline/lib/python3.12/site-packages/signal_pipeline-0.0.0-py3.12.egg-info
running install_scripts
Installing output_node script to /home/abhay-ramasamy/AUVT1/Task2_ws/install/signal_pipeline/lib/signal_pipeline
Installing processor_node script to /home/abhay-ramasamy/AUVT1/Task2_ws/install/signal_pipeline/lib/signal_pipeline
Installing publisher_node script to /home/abhay-ramasamy/AUVT1/Task2_ws/install/signal_pipeline/lib/signal_pipeline
writing list of installed files to '/home/abhay-ramasamy/AUVT1/Task2_ws/build/signal_pipeline/install.log'
