[0.636s] Invoking command in '/home/abhay-ramasamy/AUVT1/Task2_ws/src/signal_pipeline': DEBUGINFOD_URLS=https://debuginfod.ubuntu.com PYTHONPATH=/home/abhay-ramasamy/AUVT1/Task2_ws/src/signal_pipeline/build/signal_pipeline/prefix_override:/usr/lib/python3/dist-packages/colcon_core/task/python/colcon_distutils_commands:/home/abhay-ramasamy/AUVT1/Task2_ws/src/signal_pipeline/install/signal_pipeline/lib/python3.12/site-packages:${PYTHONPATH} /usr/bin/python3 -W ignore:setup.py install is deprecated -W ignore:easy_install command is deprecated setup.py egg_info --egg-base build/signal_pipeline build --build-base /home/abhay-ramasamy/AUVT1/Task2_ws/src/signal_pipeline/build/signal_pipeline/build install --record /home/abhay-ramasamy/AUVT1/Task2_ws/src/signal_pipeline/build/signal_pipeline/install.log --single-version-externally-managed install_data
[0.832s] running egg_info
[0.832s] creating build/signal_pipeline/signal_pipeline.egg-info
[0.846s] writing build/signal_pipeline/signal_pipeline.egg-info/PKG-INFO
[0.847s] writing dependency_links to build/signal_pipeline/signal_pipeline.egg-info/dependency_links.txt
[0.847s] writing entry points to build/signal_pipeline/signal_pipeline.egg-info/entry_points.txt
[0.847s] writing requirements to build/signal_pipeline/signal_pipeline.egg-info/requires.txt
[0.847s] writing top-level names to build/signal_pipeline/signal_pipeline.egg-info/top_level.txt
[0.847s] writing manifest file 'build/signal_pipeline/signal_pipeline.egg-info/SOURCES.txt'
[0.873s] reading manifest file 'build/signal_pipeline/signal_pipeline.egg-info/SOURCES.txt'
[0.873s] writing manifest file 'build/signal_pipeline/signal_pipeline.egg-info/SOURCES.txt'
[0.874s] running build
[0.874s] running build_py
[0.874s] creating /home/abhay-ramasamy/AUVT1/Task2_ws/src/signal_pipeline/build/signal_pipeline/build
[0.874s] creating /home/abhay-ramasamy/AUVT1/Task2_ws/src/signal_pipeline/build/signal_pipeline/build/lib
[0.875s] creating /home/abhay-ramasamy/AUVT1/Task2_ws/src/signal_pipeline/build/signal_pipeline/build/lib/signal_pipeline
[0.875s] copying signal_pipeline/publisher_node.py -> /home/abhay-ramasamy/AUVT1/Task2_ws/src/signal_pipeline/build/signal_pipeline/build/lib/signal_pipeline
[0.875s] copying signal_pipeline/__init__.py -> /home/abhay-ramasamy/AUVT1/Task2_ws/src/signal_pipeline/build/signal_pipeline/build/lib/signal_pipeline
[0.875s] copying signal_pipeline/output_node.py -> /home/abhay-ramasamy/AUVT1/Task2_ws/src/signal_pipeline/build/signal_pipeline/build/lib/signal_pipeline
[0.875s] copying signal_pipeline/processor_node.py -> /home/abhay-ramasamy/AUVT1/Task2_ws/src/signal_pipeline/build/signal_pipeline/build/lib/signal_pipeline
[0.875s] running install
[0.878s] running install_lib
[0.891s] creating /home/abhay-ramasamy/AUVT1/Task2_ws/src/signal_pipeline/install/signal_pipeline/lib/python3.12/site-packages/signal_pipeline
[0.891s] copying /home/abhay-ramasamy/AUVT1/Task2_ws/src/signal_pipeline/build/signal_pipeline/build/lib/signal_pipeline/publisher_node.py -> /home/abhay-ramasamy/AUVT1/Task2_ws/src/signal_pipeline/install/signal_pipeline/lib/python3.12/site-packages/signal_pipeline
[0.891s] copying /home/abhay-ramasamy/AUVT1/Task2_ws/src/signal_pipeline/build/signal_pipeline/build/lib/signal_pipeline/__init__.py -> /home/abhay-ramasamy/AUVT1/Task2_ws/src/signal_pipeline/install/signal_pipeline/lib/python3.12/site-packages/signal_pipeline
[0.891s] copying /home/abhay-ramasamy/AUVT1/Task2_ws/src/signal_pipeline/build/signal_pipeline/build/lib/signal_pipeline/output_node.py -> /home/abhay-ramasamy/AUVT1/Task2_ws/src/signal_pipeline/install/signal_pipeline/lib/python3.12/site-packages/signal_pipeline
[0.891s] copying /home/abhay-ramasamy/AUVT1/Task2_ws/src/signal_pipeline/build/signal_pipeline/build/lib/signal_pipeline/processor_node.py -> /home/abhay-ramasamy/AUVT1/Task2_ws/src/signal_pipeline/install/signal_pipeline/lib/python3.12/site-packages/signal_pipeline
[0.892s] byte-compiling /home/abhay-ramasamy/AUVT1/Task2_ws/src/signal_pipeline/install/signal_pipeline/lib/python3.12/site-packages/signal_pipeline/publisher_node.py to publisher_node.cpython-312.pyc
[0.892s] byte-compiling /home/abhay-ramasamy/AUVT1/Task2_ws/src/signal_pipeline/install/signal_pipeline/lib/python3.12/site-packages/signal_pipeline/__init__.py to __init__.cpython-312.pyc
[0.893s] byte-compiling /home/abhay-ramasamy/AUVT1/Task2_ws/src/signal_pipeline/install/signal_pipeline/lib/python3.12/site-packages/signal_pipeline/output_node.py to output_node.cpython-312.pyc
[0.893s] byte-compiling /home/abhay-ramasamy/AUVT1/Task2_ws/src/signal_pipeline/install/signal_pipeline/lib/python3.12/site-packages/signal_pipeline/processor_node.py to processor_node.cpython-312.pyc
[0.893s] running install_data
[0.893s] creating /home/abhay-ramasamy/AUVT1/Task2_ws/src/signal_pipeline/install/signal_pipeline/share/ament_index
[0.893s] creating /home/abhay-ramasamy/AUVT1/Task2_ws/src/signal_pipeline/install/signal_pipeline/share/ament_index/resource_index
[0.894s] creating /home/abhay-ramasamy/AUVT1/Task2_ws/src/signal_pipeline/install/signal_pipeline/share/ament_index/resource_index/packages
[0.894s] copying resource/signal_pipeline -> /home/abhay-ramasamy/AUVT1/Task2_ws/src/signal_pipeline/install/signal_pipeline/share/ament_index/resource_index/packages
[0.894s] copying package.xml -> /home/abhay-ramasamy/AUVT1/Task2_ws/src/signal_pipeline/install/signal_pipeline/share/signal_pipeline
[0.894s] running install_egg_info
[0.907s] Copying build/signal_pipeline/signal_pipeline.egg-info to /home/abhay-ramasamy/AUVT1/Task2_ws/src/signal_pipeline/install/signal_pipeline/lib/python3.12/site-packages/signal_pipeline-0.0.0-py3.12.egg-info
[0.910s] running install_scripts
[1.022s] Installing output_node script to /home/abhay-ramasamy/AUVT1/Task2_ws/src/signal_pipeline/install/signal_pipeline/lib/signal_pipeline
[1.023s] Installing processor_node script to /home/abhay-ramasamy/AUVT1/Task2_ws/src/signal_pipeline/install/signal_pipeline/lib/signal_pipeline
[1.023s] Installing publisher_node script to /home/abhay-ramasamy/AUVT1/Task2_ws/src/signal_pipeline/install/signal_pipeline/lib/signal_pipeline
[1.023s] writing list of installed files to '/home/abhay-ramasamy/AUVT1/Task2_ws/src/signal_pipeline/build/signal_pipeline/install.log'
[1.052s] Invoked command in '/home/abhay-ramasamy/AUVT1/Task2_ws/src/signal_pipeline' returned '0': DEBUGINFOD_URLS=https://debuginfod.ubuntu.com PYTHONPATH=/home/abhay-ramasamy/AUVT1/Task2_ws/src/signal_pipeline/build/signal_pipeline/prefix_override:/usr/lib/python3/dist-packages/colcon_core/task/python/colcon_distutils_commands:/home/abhay-ramasamy/AUVT1/Task2_ws/src/signal_pipeline/install/signal_pipeline/lib/python3.12/site-packages:${PYTHONPATH} /usr/bin/python3 -W ignore:setup.py install is deprecated -W ignore:easy_install command is deprecated setup.py egg_info --egg-base build/signal_pipeline build --build-base /home/abhay-ramasamy/AUVT1/Task2_ws/src/signal_pipeline/build/signal_pipeline/build install --record /home/abhay-ramasamy/AUVT1/Task2_ws/src/signal_pipeline/build/signal_pipeline/install.log --single-version-externally-managed install_data
