running egg_info
writing ../../build/signal_pipeline/signal_pipeline.egg-info/PKG-INFO
writing dependency_links to ../../build/signal_pipeline/signal_pipeline.egg-info/dependency_links.txt
writing entry points to ../../build/signal_pipeline/signal_pipeline.egg-info/entry_points.txt
writing requirements to ../../build/signal_pipeline/signal_pipeline.egg-info/requires.txt
writing top-level names to ../../build/signal_pipeline/signal_pipeline.egg-info/top_level.txt
reading manifest file '../../build/signal_pipeline/signal_pipeline.egg-info/SOURCES.txt'
writing manifest file '../../build/signal_pipeline/signal_pipeline.egg-info/SOURCES.txt'
running build
running build_py
running install
running install_lib
running install_data
running install_egg_info
removing '/home/abhay-ramasamy/AUVT1/Task2_ws/install/signal_pipeline/lib/python3.12/site-packages/signal_pipeline-0.0.0-py3.12.egg-info' (and everything under it)
Copying ../../build/signal_pipeline/signal_pipeline.egg-info to /home/abhay-ramasamy/AUVT1/Task2_ws/install/signal_pipeline/lib/python3.12/site-packages/signal_pipeline-0.0.0-py3.12.egg-info
running install_scripts
Installing output_node script to /home/abhay-ramasamy/AUVT1/Task2_ws/install/signal_pipeline/lib/signal_pipeline
Installing processor_node script to /home/abhay-ramasamy/AUVT1/Task2_ws/install/signal_pipeline/lib/signal_pipeline
Installing publisher_node script to /home/abhay-ramasamy/AUVT1/Task2_ws/install/signal_pipeline/lib/signal_pipeline
writing list of installed files to '/home/abhay-ramasamy/AUVT1/Task2_ws/build/signal_pipeline/install.log'
