[0.073s] DEBUG:colcon:Command line arguments: ['/usr/bin/colcon', 'build']
[0.073s] DEBUG:colcon:Parsed command line arguments: Namespace(log_base=None, log_level=None, verb_name='build', build_base='build', install_base='install', merge_install=False, symlink_install=False, test_result_base=None, continue_on_error=False, executor='parallel', parallel_workers=4, event_handlers=None, ignore_user_meta=False, metas=['./colcon.meta'], base_paths=['.'], packages_ignore=None, packages_ignore_regex=None, paths=None, packages_up_to=None, packages_up_to_regex=None, packages_above=None, packages_above_and_dependencies=None, packages_above_depth=None, packages_select_by_dep=None, packages_skip_by_dep=None, packages_skip_up_to=None, packages_select_build_failed=False, packages_skip_build_finished=False, packages_select_test_failures=False, packages_skip_test_passed=False, packages_select=None, packages_skip=None, packages_select_regex=None, packages_skip_regex=None, packages_start=None, packages_end=None, allow_overriding=[], cmake_args=None, cmake_target=None, cmake_target_skip_unavailable=False, cmake_clean_cache=False, cmake_clean_first=False, cmake_force_configure=False, ament_cmake_args=None, catkin_cmake_args=None, catkin_skip_building_tests=False, mixin_files=None, mixin=None, verb_parser=<colcon_mixin.mixin.mixin_argument.MixinArgumentDecorator object at 0x7105b16acfe0>, verb_extension=<colcon_core.verb.build.BuildVerb object at 0x7105b16acd10>, main=<bound method BuildVerb.main of <colcon_core.verb.build.BuildVerb object at 0x7105b16acd10>>, mixin_verb=('build',))
[0.102s] Level 1:colcon.colcon_core.package_discovery:discover_packages(colcon_meta) check parameters
[0.102s] Level 1:colcon.colcon_core.package_discovery:discover_packages(recursive) check parameters
[0.102s] Level 1:colcon.colcon_core.package_discovery:discover_packages(ignore) check parameters
[0.102s] Level 1:colcon.colcon_core.package_discovery:discover_packages(path) check parameters
[0.102s] Level 1:colcon.colcon_core.package_discovery:discover_packages(colcon_meta) discover
[0.102s] Level 1:colcon.colcon_core.package_discovery:discover_packages(recursive) discover
[0.102s] INFO:colcon.colcon_core.package_discovery:Crawling recursively for packages in '/home/abhay-ramasamy/AUVT1/task_1'
[0.102s] Level 1:colcon.colcon_core.package_identification:_identify(.) by extensions ['ignore', 'ignore_ament_install']
[0.102s] Level 1:colcon.colcon_core.package_identification:_identify(.) by extension 'ignore'
[0.102s] Level 1:colcon.colcon_core.package_identification:_identify(.) by extension 'ignore_ament_install'
[0.102s] Level 1:colcon.colcon_core.package_identification:_identify(.) by extensions ['colcon_pkg']
[0.102s] Level 1:colcon.colcon_core.package_identification:_identify(.) by extension 'colcon_pkg'
[0.102s] Level 1:colcon.colcon_core.package_identification:_identify(.) by extensions ['colcon_meta']
[0.102s] Level 1:colcon.colcon_core.package_identification:_identify(.) by extension 'colcon_meta'
[0.102s] Level 1:colcon.colcon_core.package_identification:_identify(.) by extensions ['ros']
[0.102s] Level 1:colcon.colcon_core.package_identification:_identify(.) by extension 'ros'
[0.119s] Level 1:colcon.colcon_core.package_identification:_identify(.) by extensions ['cmake', 'python']
[0.119s] Level 1:colcon.colcon_core.package_identification:_identify(.) by extension 'cmake'
[0.119s] Level 1:colcon.colcon_core.package_identification:_identify(.) by extension 'python'
[0.119s] Level 1:colcon.colcon_core.package_identification:_identify(.) by extensions ['python_setup_py']
[0.119s] Level 1:colcon.colcon_core.package_identification:_identify(.) by extension 'python_setup_py'
[0.120s] Level 1:colcon.colcon_core.package_identification:_identify(build) by extensions ['ignore', 'ignore_ament_install']
[0.120s] Level 1:colcon.colcon_core.package_identification:_identify(build) by extension 'ignore'
[0.120s] Level 1:colcon.colcon_core.package_identification:_identify(build) ignored
[0.120s] Level 1:colcon.colcon_core.package_identification:_identify(install) by extensions ['ignore', 'ignore_ament_install']
[0.120s] Level 1:colcon.colcon_core.package_identification:_identify(install) by extension 'ignore'
[0.120s] Level 1:colcon.colcon_core.package_identification:_identify(install) ignored
[0.120s] Level 1:colcon.colcon_core.package_identification:_identify(log) by extensions ['ignore', 'ignore_ament_install']
[0.120s] Level 1:colcon.colcon_core.package_identification:_identify(log) by extension 'ignore'
[0.120s] Level 1:colcon.colcon_core.package_identification:_identify(log) ignored
[0.120s] Level 1:colcon.colcon_core.package_identification:_identify(src) by extensions ['ignore', 'ignore_ament_install']
[0.120s] Level 1:colcon.colcon_core.package_identification:_identify(src) by extension 'ignore'
[0.120s] Level 1:colcon.colcon_core.package_identification:_identify(src) by extension 'ignore_ament_install'
[0.120s] Level 1:colcon.colcon_core.package_identification:_identify(src) by extensions ['colcon_pkg']
[0.120s] Level 1:colcon.colcon_core.package_identification:_identify(src) by extension 'colcon_pkg'
[0.120s] Level 1:colcon.colcon_core.package_identification:_identify(src) by extensions ['colcon_meta']
[0.120s] Level 1:colcon.colcon_core.package_identification:_identify(src) by extension 'colcon_meta'
[0.120s] Level 1:colcon.colcon_core.package_identification:_identify(src) by extensions ['ros']
[0.120s] Level 1:colcon.colcon_core.package_identification:_identify(src) by extension 'ros'
[0.120s] Level 1:colcon.colcon_core.package_identification:_identify(src) by extensions ['cmake', 'python']
[0.120s] Level 1:colcon.colcon_core.package_identification:_identify(src) by extension 'cmake'
[0.120s] Level 1:colcon.colcon_core.package_identification:_identify(src) by extension 'python'
[0.120s] Level 1:colcon.colcon_core.package_identification:_identify(src) by extensions ['python_setup_py']
[0.120s] Level 1:colcon.colcon_core.package_identification:_identify(src) by extension 'python_setup_py'
[0.120s] Level 1:colcon.colcon_core.package_identification:_identify(src/comm_link) by extensions ['ignore', 'ignore_ament_install']
[0.120s] Level 1:colcon.colcon_core.package_identification:_identify(src/comm_link) by extension 'ignore'
[0.120s] Level 1:colcon.colcon_core.package_identification:_identify(src/comm_link) by extension 'ignore_ament_install'
[0.120s] Level 1:colcon.colcon_core.package_identification:_identify(src/comm_link) by extensions ['colcon_pkg']
[0.120s] Level 1:colcon.colcon_core.package_identification:_identify(src/comm_link) by extension 'colcon_pkg'
[0.120s] Level 1:colcon.colcon_core.package_identification:_identify(src/comm_link) by extensions ['colcon_meta']
[0.120s] Level 1:colcon.colcon_core.package_identification:_identify(src/comm_link) by extension 'colcon_meta'
[0.121s] Level 1:colcon.colcon_core.package_identification:_identify(src/comm_link) by extensions ['ros']
[0.121s] Level 1:colcon.colcon_core.package_identification:_identify(src/comm_link) by extension 'ros'
[0.122s] DEBUG:colcon.colcon_core.package_identification:Package 'src/comm_link' with type 'ros.ament_python' and name 'comm_link'
[0.122s] Level 1:colcon.colcon_core.package_discovery:discover_packages(recursive) using defaults
[0.122s] Level 1:colcon.colcon_core.package_discovery:discover_packages(ignore) discover
[0.122s] Level 1:colcon.colcon_core.package_discovery:discover_packages(ignore) using defaults
[0.122s] Level 1:colcon.colcon_core.package_discovery:discover_packages(path) discover
[0.122s] Level 1:colcon.colcon_core.package_discovery:discover_packages(path) using defaults
[0.134s] Level 1:colcon.colcon_core.package_discovery:discover_packages(prefix_path) check parameters
[0.134s] Level 1:colcon.colcon_core.package_discovery:discover_packages(prefix_path) discover
[0.135s] DEBUG:colcon.colcon_installed_package_information.package_discovery:Found 1 installed packages in /home/abhay-ramasamy/robotics_ws/install
[0.136s] DEBUG:colcon.colcon_installed_package_information.package_discovery:Found 405 installed packages in /opt/ros/jazzy
[0.137s] Level 1:colcon.colcon_core.package_discovery:discover_packages(prefix_path) using defaults
[0.172s] Level 5:colcon.colcon_core.verb:set package 'comm_link' build argument 'cmake_args' from command line to 'None'
[0.173s] Level 5:colcon.colcon_core.verb:set package 'comm_link' build argument 'cmake_target' from command line to 'None'
[0.173s] Level 5:colcon.colcon_core.verb:set package 'comm_link' build argument 'cmake_target_skip_unavailable' from command line to 'False'
[0.173s] Level 5:colcon.colcon_core.verb:set package 'comm_link' build argument 'cmake_clean_cache' from command line to 'False'
[0.173s] Level 5:colcon.colcon_core.verb:set package 'comm_link' build argument 'cmake_clean_first' from command line to 'False'
[0.173s] Level 5:colcon.colcon_core.verb:set package 'comm_link' build argument 'cmake_force_configure' from command line to 'False'
[0.173s] Level 5:colcon.colcon_core.verb:set package 'comm_link' build argument 'ament_cmake_args' from command line to 'None'
[0.173s] Level 5:colcon.colcon_core.verb:set package 'comm_link' build argument 'catkin_cmake_args' from command line to 'None'
[0.173s] Level 5:colcon.colcon_core.verb:set package 'comm_link' build argument 'catkin_skip_building_tests' from command line to 'False'
[0.173s] DEBUG:colcon.colcon_core.verb:Building package 'comm_link' with the following arguments: {'ament_cmake_args': None, 'build_base': '/home/abhay-ramasamy/AUVT1/task_1/build/comm_link', 'catkin_cmake_args': None, 'catkin_skip_building_tests': False, 'cmake_args': None, 'cmake_clean_cache': False, 'cmake_clean_first': False, 'cmake_force_configure': False, 'cmake_target': None, 'cmake_target_skip_unavailable': False, 'install_base': '/home/abhay-ramasamy/AUVT1/task_1/install/comm_link', 'merge_install': False, 'path': '/home/abhay-ramasamy/AUVT1/task_1/src/comm_link', 'symlink_install': False, 'test_result_base': None}
[0.173s] INFO:colcon.colcon_core.executor:Executing jobs using 'parallel' executor
[0.174s] DEBUG:colcon.colcon_parallel_executor.executor.parallel:run_until_complete
[0.174s] INFO:colcon.colcon_ros.task.ament_python.build:Building ROS package in '/home/abhay-ramasamy/AUVT1/task_1/src/comm_link' with build type 'ament_python'
[0.174s] Level 1:colcon.colcon_core.shell:create_environment_hook('comm_link', 'ament_prefix_path')
[0.176s] INFO:colcon.colcon_core.plugin_system:Skipping extension 'colcon_core.shell.bat': Not used on non-Windows systems
[0.176s] INFO:colcon.colcon_core.shell:Creating environment hook '/home/abhay-ramasamy/AUVT1/task_1/install/comm_link/share/comm_link/hook/ament_prefix_path.ps1'
[0.177s] INFO:colcon.colcon_core.shell:Creating environment descriptor '/home/abhay-ramasamy/AUVT1/task_1/install/comm_link/share/comm_link/hook/ament_prefix_path.dsv'
[0.177s] INFO:colcon.colcon_core.shell:Creating environment hook '/home/abhay-ramasamy/AUVT1/task_1/install/comm_link/share/comm_link/hook/ament_prefix_path.sh'
[0.178s] INFO:colcon.colcon_core.shell:Skip shell extension 'powershell' for command environment: Not usable outside of PowerShell
[0.178s] DEBUG:colcon.colcon_core.shell:Skip shell extension 'dsv' for command environment
[0.344s] INFO:colcon.colcon_core.task.python.build:Building Python package in '/home/abhay-ramasamy/AUVT1/task_1/src/comm_link'
[0.344s] INFO:colcon.colcon_core.shell:Skip shell extension 'powershell' for command environment: Not usable outside of PowerShell
[0.344s] DEBUG:colcon.colcon_core.shell:Skip shell extension 'dsv' for command environment
[0.792s] DEBUG:colcon.colcon_core.event_handler.log_command:Invoking command in '/home/abhay-ramasamy/AUVT1/task_1/src/comm_link': DEBUGINFOD_URLS=https://debuginfod.ubuntu.com PYTHONPATH=/home/abhay-ramasamy/AUVT1/task_1/build/comm_link/prefix_override:/usr/lib/python3/dist-packages/colcon_core/task/python/colcon_distutils_commands:/home/abhay-ramasamy/AUVT1/task_1/install/comm_link/lib/python3.12/site-packages:${PYTHONPATH} /usr/bin/python3 -W ignore:setup.py install is deprecated -W ignore:easy_install command is deprecated setup.py egg_info --egg-base ../../build/comm_link build --build-base /home/abhay-ramasamy/AUVT1/task_1/build/comm_link/build install --record /home/abhay-ramasamy/AUVT1/task_1/build/comm_link/install.log --single-version-externally-managed install_data
[1.201s] DEBUG:colcon.colcon_core.event_handler.log_command:Invoked command in '/home/abhay-ramasamy/AUVT1/task_1/src/comm_link' returned '0': DEBUGINFOD_URLS=https://debuginfod.ubuntu.com PYTHONPATH=/home/abhay-ramasamy/AUVT1/task_1/build/comm_link/prefix_override:/usr/lib/python3/dist-packages/colcon_core/task/python/colcon_distutils_commands:/home/abhay-ramasamy/AUVT1/task_1/install/comm_link/lib/python3.12/site-packages:${PYTHONPATH} /usr/bin/python3 -W ignore:setup.py install is deprecated -W ignore:easy_install command is deprecated setup.py egg_info --egg-base ../../build/comm_link build --build-base /home/abhay-ramasamy/AUVT1/task_1/build/comm_link/build install --record /home/abhay-ramasamy/AUVT1/task_1/build/comm_link/install.log --single-version-externally-managed install_data
[1.203s] Level 1:colcon.colcon_core.environment:checking '/home/abhay-ramasamy/AUVT1/task_1/install/comm_link' for CMake module files
[1.203s] Level 1:colcon.colcon_core.environment:checking '/home/abhay-ramasamy/AUVT1/task_1/install/comm_link' for CMake config files
[1.203s] Level 1:colcon.colcon_core.environment:checking '/home/abhay-ramasamy/AUVT1/task_1/install/comm_link/lib'
[1.204s] Level 1:colcon.colcon_core.environment:checking '/home/abhay-ramasamy/AUVT1/task_1/install/comm_link/bin'
[1.204s] Level 1:colcon.colcon_core.environment:checking '/home/abhay-ramasamy/AUVT1/task_1/install/comm_link/lib/pkgconfig/comm_link.pc'
[1.204s] Level 1:colcon.colcon_core.environment:checking '/home/abhay-ramasamy/AUVT1/task_1/install/comm_link/lib/python3.12/site-packages'
[1.204s] Level 1:colcon.colcon_core.shell:create_environment_hook('comm_link', 'pythonpath')
[1.204s] INFO:colcon.colcon_core.shell:Creating environment hook '/home/abhay-ramasamy/AUVT1/task_1/install/comm_link/share/comm_link/hook/pythonpath.ps1'
[1.205s] INFO:colcon.colcon_core.shell:Creating environment descriptor '/home/abhay-ramasamy/AUVT1/task_1/install/comm_link/share/comm_link/hook/pythonpath.dsv'
[1.205s] INFO:colcon.colcon_core.shell:Creating environment hook '/home/abhay-ramasamy/AUVT1/task_1/install/comm_link/share/comm_link/hook/pythonpath.sh'
[1.206s] Level 1:colcon.colcon_core.environment:checking '/home/abhay-ramasamy/AUVT1/task_1/install/comm_link/bin'
[1.206s] Level 1:colcon.colcon_core.environment:create_environment_scripts_only(comm_link)
[1.206s] INFO:colcon.colcon_core.shell:Creating package script '/home/abhay-ramasamy/AUVT1/task_1/install/comm_link/share/comm_link/package.ps1'
[1.207s] INFO:colcon.colcon_core.shell:Creating package descriptor '/home/abhay-ramasamy/AUVT1/task_1/install/comm_link/share/comm_link/package.dsv'
[1.207s] INFO:colcon.colcon_core.shell:Creating package script '/home/abhay-ramasamy/AUVT1/task_1/install/comm_link/share/comm_link/package.sh'
[1.208s] INFO:colcon.colcon_core.shell:Creating package script '/home/abhay-ramasamy/AUVT1/task_1/install/comm_link/share/comm_link/package.bash'
[1.208s] INFO:colcon.colcon_core.shell:Creating package script '/home/abhay-ramasamy/AUVT1/task_1/install/comm_link/share/comm_link/package.zsh'
[1.209s] Level 1:colcon.colcon_core.environment:create_file_with_runtime_dependencies(/home/abhay-ramasamy/AUVT1/task_1/install/comm_link/share/colcon-core/packages/comm_link)
[1.209s] DEBUG:colcon.colcon_parallel_executor.executor.parallel:closing loop
[1.209s] DEBUG:colcon.colcon_parallel_executor.executor.parallel:loop closed
[1.210s] DEBUG:colcon.colcon_parallel_executor.executor.parallel:run_until_complete finished with '0'
[1.210s] DEBUG:colcon.colcon_core.event_reactor:joining thread
[1.217s] INFO:colcon.colcon_core.plugin_system:Skipping extension 'colcon_notification.desktop_notification.terminal_notifier': Not used on non-Darwin systems
[1.217s] INFO:colcon.colcon_core.plugin_system:Skipping extension 'colcon_notification.desktop_notification.win32': Not used on non-Windows systems
[1.217s] INFO:colcon.colcon_notification.desktop_notification:Sending desktop notification using 'notify2'
[1.234s] DEBUG:colcon.colcon_core.event_reactor:joined thread
[1.234s] INFO:colcon.colcon_core.shell:Creating prefix script '/home/abhay-ramasamy/AUVT1/task_1/install/local_setup.ps1'
[1.236s] INFO:colcon.colcon_core.shell:Creating prefix util module '/home/abhay-ramasamy/AUVT1/task_1/install/_local_setup_util_ps1.py'
[1.237s] INFO:colcon.colcon_core.shell:Creating prefix chain script '/home/abhay-ramasamy/AUVT1/task_1/install/setup.ps1'
[1.239s] INFO:colcon.colcon_core.shell:Creating prefix script '/home/abhay-ramasamy/AUVT1/task_1/install/local_setup.sh'
[1.239s] INFO:colcon.colcon_core.shell:Creating prefix util module '/home/abhay-ramasamy/AUVT1/task_1/install/_local_setup_util_sh.py'
[1.240s] INFO:colcon.colcon_core.shell:Creating prefix chain script '/home/abhay-ramasamy/AUVT1/task_1/install/setup.sh'
[1.241s] INFO:colcon.colcon_core.shell:Creating prefix script '/home/abhay-ramasamy/AUVT1/task_1/install/local_setup.bash'
[1.242s] INFO:colcon.colcon_core.shell:Creating prefix chain script '/home/abhay-ramasamy/AUVT1/task_1/install/setup.bash'
[1.242s] INFO:colcon.colcon_core.shell:Creating prefix script '/home/abhay-ramasamy/AUVT1/task_1/install/local_setup.zsh'
[1.243s] INFO:colcon.colcon_core.shell:Creating prefix chain script '/home/abhay-ramasamy/AUVT1/task_1/install/setup.zsh'
